============================================================
==== 2025-03-25 - STARTING SERVICES UPDATE ====
============================================================
[2025-03-25_19-55-43] Starting Services Update Script...
[2025-03-25_19-55-43] Starting Jellyfin Update...
[2025-03-25_19-55-43] Pulling latest Jellyfin Docker Images...
[2025-03-25_19-55-43] Starting Jellyfin Docker Compose...
[2025-03-25_19-55-43] Jellyfin Update completed.
[2025-03-25_19-55-43] Starting Ghostfolio Update...
[2025-03-25_19-55-43] Pulling latest Docker Images...
[2025-03-25_19-55-43] Starting Docker Compose...
[2025-03-25_19-55-43] Updating Restart Policy for Ghostfolio Container...
[2025-03-25_19-55-43] Ghostfolio Update completed.
[2025-03-25_19-55-43] Starting Paperless Update...
[2025-03-25_19-55-43] Stopping Paperless services...
[2025-03-25_19-55-43] Pulling latest Paperless Docker images...
[2025-03-25_19-55-43] Starting Paperless services...
[2025-03-25_19-55-43] Paperless Update completed.
[2025-03-25_19-55-43] Starting PhotoPrism Update...
[2025-03-25_19-55-43] Pulling latest PhotoPrism images...
[2025-03-25_19-55-43] Restarting PhotoPrism services...
[2025-03-25_19-55-43] Checking if PhotoPrism services are running...
[2025-03-25_19-55-43] PhotoPrism pod is running.
[2025-03-25_19-55-43] PhotoPrism Update completed.
[2025-03-25_19-55-43] Removing unused Docker Images...
[2025-03-25_19-55-43] Removing unused Podman Images...
[2025-03-25_19-55-43] Starting Paperless Backup...
[2025-03-25_19-55-43] Paperless Backup completed.
[2025-03-25_19-55-43] All services update completed.
============================================================
==== 2025-03-25 - SERVICES UPDATE COMPLETED SUCCESSFULLY ====
============================================================

============================================================
==== 2025-03-28 - STARTING SERVICES UPDATE ====
============================================================
[2025-03-28_01-01-49] Starting Services Update Script...
[2025-03-28_01-01-49] Starting Jellyfin Update...
[2025-03-28_01-01-49] Pulling latest Jellyfin Docker Images...
[2025-03-28_01-01-49] Starting Jellyfin Docker Compose...
[2025-03-28_01-01-49] Jellyfin Update completed.
[2025-03-28_01-01-49] Starting Ghostfolio Update...
[2025-03-28_01-01-49] Pulling latest Docker Images...
[2025-03-28_01-01-49] Starting Docker Compose...
[2025-03-28_01-01-49] Updating Restart Policy for Ghostfolio Container...
[2025-03-28_01-01-49] Ghostfolio Update completed.
[2025-03-28_01-01-49] Starting Paperless Update...
[2025-03-28_01-01-49] Stopping Paperless services...
[2025-03-28_01-01-49] Pulling latest Paperless Docker images...
[2025-03-28_01-01-49] Starting Paperless services...
[2025-03-28_01-01-49] Paperless Update completed.
[2025-03-28_01-01-49] Starting PhotoPrism Update...
[2025-03-28_01-01-49] Pulling latest PhotoPrism images...
[2025-03-28_01-01-49] Restarting PhotoPrism services...
[2025-03-28_01-01-49] Checking if PhotoPrism services are running...
[2025-03-28_01-01-49] PhotoPrism pod is running.
[2025-03-28_01-01-49] PhotoPrism Update completed.
[2025-03-28_01-01-49] Removing unused Docker Images...
[2025-03-28_01-01-49] Removing unused Podman Images...
[2025-03-28_01-01-49] Starting Paperless Backup...
[2025-03-28_01-01-49] Paperless Backup completed.
[2025-03-28_01-01-49] All services update completed.
============================================================
==== 2025-03-28 - SERVICES UPDATE COMPLETED SUCCESSFULLY ====
============================================================

